<?xml version="1.0" encoding="UTF-8"?>
<testng-results ignored="0" total="20" passed="20" failed="0" skipped="0">
  <reporter-output>
  </reporter-output>
  <suite started-at="2020-02-11T23:28:45 IST" name="TestNG Automation framework" finished-at="2020-02-11T23:29:27 IST" duration-ms="42077">
    <groups>
      <group name="logo">
        <method signature="GoogleTest.googlelogo()[pri:2, instance:com.test.GoogleTest@1d082e88]" name="googlelogo" class="com.test.GoogleTest"/>
      </group> <!-- logo -->
      <group name="title">
        <method signature="GoogleTest.googleTitleTest()[pri:1, instance:com.test.GoogleTest@1d082e88]" name="googleTitleTest" class="com.test.GoogleTest"/>
      </group> <!-- title -->
      <group name="link test">
        <method signature="GoogleTest.maillinktest()[pri:3, instance:com.test.GoogleTest@1d082e88]" name="maillinktest" class="com.test.GoogleTest"/>
      </group> <!-- link test -->
    </groups>
    <test started-at="2020-02-11T23:28:45 IST" name="TestNG features" finished-at="2020-02-11T23:29:27 IST" duration-ms="42077">
      <class name="com.test.ExceptionTimeoutTest">
        <test-method signature="test()[pri:0, instance:com.test.ExceptionTimeoutTest@7d3a22a9]" started-at="2020-02-11T23:28:45 IST" name="test" finished-at="2020-02-11T23:28:45 IST" duration-ms="8" status="PASS">
          <exception class="java.lang.NumberFormatException">
            <message>
              <![CDATA[For input string: "100A"]]>
            </message>
            <full-stacktrace>
              <![CDATA[java.lang.NumberFormatException: For input string: "100A"
at java.base/java.lang.NumberFormatException.forInputString(NumberFormatException.java:68)
at java.base/java.lang.Integer.parseInt(Integer.java:658)
at java.base/java.lang.Integer.parseInt(Integer.java:776)
at com.test.ExceptionTimeoutTest.test(ExceptionTimeoutTest.java:17)
at java.base/jdk.internal.reflect.NativeMethodAccessorImpl.invoke0(Native Method)
at java.base/jdk.internal.reflect.NativeMethodAccessorImpl.invoke(NativeMethodAccessorImpl.java:62)
at java.base/jdk.internal.reflect.DelegatingMethodAccessorImpl.invoke(DelegatingMethodAccessorImpl.java:43)
at java.base/java.lang.reflect.Method.invoke(Method.java:567)
at org.testng.internal.MethodInvocationHelper.invokeMethod(MethodInvocationHelper.java:133)
at org.testng.internal.TestInvoker.invokeMethod(TestInvoker.java:584)
at org.testng.internal.TestInvoker.invokeTestMethod(TestInvoker.java:172)
at org.testng.internal.MethodRunner.runInSequence(MethodRunner.java:46)
at org.testng.internal.TestInvoker$MethodInvocationAgent.invoke(TestInvoker.java:804)
at org.testng.internal.TestInvoker.invokeTestMethods(TestInvoker.java:145)
at org.testng.internal.TestMethodWorker.invokeTestMethods(TestMethodWorker.java:146)
at org.testng.internal.TestMethodWorker.run(TestMethodWorker.java:128)
at java.base/java.util.ArrayList.forEach(ArrayList.java:1507)
at org.testng.TestRunner.privateRun(TestRunner.java:770)
at org.testng.TestRunner.run(TestRunner.java:591)
at org.testng.SuiteRunner.runTest(SuiteRunner.java:402)
at org.testng.SuiteRunner.runSequentially(SuiteRunner.java:396)
at org.testng.SuiteRunner.privateRun(SuiteRunner.java:355)
at org.testng.SuiteRunner.run(SuiteRunner.java:304)
at org.testng.SuiteRunnerWorker.runSuite(SuiteRunnerWorker.java:53)
at org.testng.SuiteRunnerWorker.run(SuiteRunnerWorker.java:96)
at org.testng.TestNG.runSuitesSequentially(TestNG.java:1180)
at org.testng.TestNG.runSuitesLocally(TestNG.java:1102)
at org.testng.TestNG.runSuites(TestNG.java:1032)
at org.testng.TestNG.run(TestNG.java:1000)
at org.testng.remote.AbstractRemoteTestNG.run(AbstractRemoteTestNG.java:115)
at org.testng.remote.RemoteTestNG.initAndRun(RemoteTestNG.java:251)
at org.testng.remote.RemoteTestNG.main(RemoteTestNG.java:77)
]]>
            </full-stacktrace>
          </exception> <!-- java.lang.NumberFormatException -->
          <reporter-output>
          </reporter-output>
        </test-method> <!-- test -->
      </class> <!-- com.test.ExceptionTimeoutTest -->
      <class name="com.test.TestNGBasics">
        <test-method is-config="true" signature="setup()[pri:0, instance:com.test.TestNGBasics@1e730495]" started-at="2020-02-11T23:28:45 IST" name="setup" finished-at="2020-02-11T23:28:45 IST" duration-ms="25" status="PASS">
          <reporter-output>
          </reporter-output>
        </test-method> <!-- setup -->
        <test-method is-config="true" signature="launchBrowser()[pri:0, instance:com.test.TestNGBasics@1e730495]" started-at="2020-02-11T23:28:45 IST" name="launchBrowser" finished-at="2020-02-11T23:28:45 IST" duration-ms="0" status="PASS">
          <reporter-output>
          </reporter-output>
        </test-method> <!-- launchBrowser -->
        <test-method is-config="true" signature="login()[pri:0, instance:com.test.TestNGBasics@1e730495]" started-at="2020-02-11T23:29:27 IST" name="login" finished-at="2020-02-11T23:29:27 IST" duration-ms="1" status="PASS">
          <reporter-output>
          </reporter-output>
        </test-method> <!-- login -->
        <test-method is-config="true" signature="enterURL()[pri:0, instance:com.test.TestNGBasics@1e730495]" started-at="2020-02-11T23:29:27 IST" name="enterURL" finished-at="2020-02-11T23:29:27 IST" duration-ms="0" status="PASS">
          <reporter-output>
          </reporter-output>
        </test-method> <!-- enterURL -->
        <test-method signature="googleTitleTest()[pri:0, instance:com.test.TestNGBasics@1e730495]" started-at="2020-02-11T23:29:27 IST" name="googleTitleTest" finished-at="2020-02-11T23:29:27 IST" duration-ms="1" status="PASS">
          <reporter-output>
          </reporter-output>
        </test-method> <!-- googleTitleTest -->
        <test-method is-config="true" signature="logout()[pri:0, instance:com.test.TestNGBasics@1e730495]" started-at="2020-02-11T23:29:27 IST" name="logout" finished-at="2020-02-11T23:29:27 IST" duration-ms="0" status="PASS">
          <reporter-output>
          </reporter-output>
        </test-method> <!-- logout -->
        <test-method is-config="true" signature="enterURL()[pri:0, instance:com.test.TestNGBasics@1e730495]" started-at="2020-02-11T23:29:27 IST" name="enterURL" finished-at="2020-02-11T23:29:27 IST" duration-ms="2" status="PASS">
          <reporter-output>
          </reporter-output>
        </test-method> <!-- enterURL -->
        <test-method signature="searchTest()[pri:0, instance:com.test.TestNGBasics@1e730495]" started-at="2020-02-11T23:29:27 IST" name="searchTest" finished-at="2020-02-11T23:29:27 IST" duration-ms="2" status="PASS">
          <reporter-output>
          </reporter-output>
        </test-method> <!-- searchTest -->
        <test-method is-config="true" signature="logout()[pri:0, instance:com.test.TestNGBasics@1e730495]" started-at="2020-02-11T23:29:27 IST" name="logout" finished-at="2020-02-11T23:29:27 IST" duration-ms="0" status="PASS">
          <reporter-output>
          </reporter-output>
        </test-method> <!-- logout -->
        <test-method is-config="true" signature="closebrowser()[pri:0, instance:com.test.TestNGBasics@1e730495]" started-at="2020-02-11T23:29:27 IST" name="closebrowser" finished-at="2020-02-11T23:29:27 IST" duration-ms="1" status="PASS">
          <reporter-output>
          </reporter-output>
        </test-method> <!-- closebrowser -->
        <test-method is-config="true" signature="deleteallcookies()[pri:0, instance:com.test.TestNGBasics@1e730495]" started-at="2020-02-11T23:29:27 IST" name="deleteallcookies" finished-at="2020-02-11T23:29:27 IST" duration-ms="0" status="PASS">
          <reporter-output>
          </reporter-output>
        </test-method> <!-- deleteallcookies -->
      </class> <!-- com.test.TestNGBasics -->
      <class name="com.test.GoogleTest">
        <test-method is-config="true" signature="setup()[pri:0, instance:com.test.GoogleTest@1d082e88]" started-at="2020-02-11T23:28:45 IST" name="setup" finished-at="2020-02-11T23:28:54 IST" duration-ms="8742" status="PASS">
          <reporter-output>
          </reporter-output>
        </test-method> <!-- setup -->
        <test-method signature="googleTitleTest()[pri:1, instance:com.test.GoogleTest@1d082e88]" started-at="2020-02-11T23:28:54 IST" name="googleTitleTest" finished-at="2020-02-11T23:28:54 IST" duration-ms="18" status="PASS">
          <reporter-output>
          </reporter-output>
        </test-method> <!-- googleTitleTest -->
        <test-method is-config="true" signature="tearDown()[pri:0, instance:com.test.GoogleTest@1d082e88]" started-at="2020-02-11T23:28:54 IST" name="tearDown" finished-at="2020-02-11T23:28:54 IST" duration-ms="833" status="PASS">
          <reporter-output>
          </reporter-output>
        </test-method> <!-- tearDown -->
        <test-method is-config="true" signature="setup()[pri:0, instance:com.test.GoogleTest@1d082e88]" started-at="2020-02-11T23:28:54 IST" name="setup" finished-at="2020-02-11T23:29:02 IST" duration-ms="7787" status="PASS">
          <reporter-output>
          </reporter-output>
        </test-method> <!-- setup -->
        <test-method signature="googlelogo()[pri:2, instance:com.test.GoogleTest@1d082e88]" started-at="2020-02-11T23:29:02 IST" name="googlelogo" finished-at="2020-02-11T23:29:02 IST" duration-ms="130" status="PASS">
          <reporter-output>
          </reporter-output>
        </test-method> <!-- googlelogo -->
        <test-method is-config="true" signature="tearDown()[pri:0, instance:com.test.GoogleTest@1d082e88]" started-at="2020-02-11T23:29:02 IST" name="tearDown" finished-at="2020-02-11T23:29:03 IST" duration-ms="863" status="PASS">
          <reporter-output>
          </reporter-output>
        </test-method> <!-- tearDown -->
        <test-method is-config="true" signature="setup()[pri:0, instance:com.test.GoogleTest@1d082e88]" started-at="2020-02-11T23:29:03 IST" name="setup" finished-at="2020-02-11T23:29:10 IST" duration-ms="6969" status="PASS">
          <reporter-output>
          </reporter-output>
        </test-method> <!-- setup -->
        <test-method signature="maillinktest()[pri:3, instance:com.test.GoogleTest@1d082e88]" started-at="2020-02-11T23:29:10 IST" name="maillinktest" finished-at="2020-02-11T23:29:10 IST" duration-ms="67" status="PASS">
          <reporter-output>
          </reporter-output>
        </test-method> <!-- maillinktest -->
        <test-method is-config="true" signature="tearDown()[pri:0, instance:com.test.GoogleTest@1d082e88]" started-at="2020-02-11T23:29:10 IST" name="tearDown" finished-at="2020-02-11T23:29:11 IST" duration-ms="991" status="PASS">
          <reporter-output>
          </reporter-output>
        </test-method> <!-- tearDown -->
      </class> <!-- com.test.GoogleTest -->
      <class name="com.test.GoogleTitleTest">
        <test-method is-config="true" signature="setup()[pri:0, instance:com.test.GoogleTitleTest@60704c]" started-at="2020-02-11T23:29:11 IST" name="setup" finished-at="2020-02-11T23:29:18 IST" duration-ms="6468" status="PASS">
          <reporter-output>
          </reporter-output>
        </test-method> <!-- setup -->
        <test-method signature="googleTitleTest()[pri:0, instance:com.test.GoogleTitleTest@60704c]" started-at="2020-02-11T23:29:18 IST" name="googleTitleTest" finished-at="2020-02-11T23:29:18 IST" duration-ms="16" status="PASS">
          <reporter-output>
          </reporter-output>
        </test-method> <!-- googleTitleTest -->
        <test-method is-config="true" signature="tearDown()[pri:0, instance:com.test.GoogleTitleTest@60704c]" started-at="2020-02-11T23:29:18 IST" name="tearDown" finished-at="2020-02-11T23:29:19 IST" duration-ms="846" status="PASS">
          <reporter-output>
          </reporter-output>
        </test-method> <!-- tearDown -->
        <test-method is-config="true" signature="setup()[pri:0, instance:com.test.GoogleTitleTest@60704c]" started-at="2020-02-11T23:29:19 IST" name="setup" finished-at="2020-02-11T23:29:26 IST" duration-ms="7224" status="PASS">
          <reporter-output>
          </reporter-output>
        </test-method> <!-- setup -->
        <test-method signature="googlelogo()[pri:0, instance:com.test.GoogleTitleTest@60704c]" started-at="2020-02-11T23:29:26 IST" name="googlelogo" finished-at="2020-02-11T23:29:26 IST" duration-ms="61" status="PASS">
          <reporter-output>
          </reporter-output>
        </test-method> <!-- googlelogo -->
        <test-method is-config="true" signature="tearDown()[pri:0, instance:com.test.GoogleTitleTest@60704c]" started-at="2020-02-11T23:29:26 IST" name="tearDown" finished-at="2020-02-11T23:29:27 IST" duration-ms="870" status="PASS">
          <reporter-output>
          </reporter-output>
        </test-method> <!-- tearDown -->
      </class> <!-- com.test.GoogleTitleTest -->
      <class name="com.test.TestNGFeatures">
        <test-method signature="loginTest()[pri:0, instance:com.test.TestNGFeatures@2a32de6c]" started-at="2020-02-11T23:29:27 IST" name="loginTest" finished-at="2020-02-11T23:29:27 IST" duration-ms="1" status="PASS">
          <reporter-output>
          </reporter-output>
        </test-method> <!-- loginTest -->
        <test-method signature="HomepageTest()[pri:0, instance:com.test.TestNGFeatures@2a32de6c]" started-at="2020-02-11T23:29:27 IST" name="HomepageTest" finished-at="2020-02-11T23:29:27 IST" depends-on-methods="com.test.TestNGFeatures.loginTest" duration-ms="2" status="PASS">
          <reporter-output>
          </reporter-output>
        </test-method> <!-- HomepageTest -->
      </class> <!-- com.test.TestNGFeatures -->
      <class name="com.test.InvocationCountTest">
        <test-method signature="sum()[pri:0, instance:com.test.InvocationCountTest@6b19b79]" started-at="2020-02-11T23:29:27 IST" name="sum" finished-at="2020-02-11T23:29:27 IST" duration-ms="3" status="PASS">
          <reporter-output>
          </reporter-output>
        </test-method> <!-- sum -->
        <test-method signature="sum()[pri:0, instance:com.test.InvocationCountTest@6b19b79]" started-at="2020-02-11T23:29:27 IST" name="sum" finished-at="2020-02-11T23:29:27 IST" duration-ms="3" status="PASS">
          <reporter-output>
          </reporter-output>
        </test-method> <!-- sum -->
        <test-method signature="sum()[pri:0, instance:com.test.InvocationCountTest@6b19b79]" started-at="2020-02-11T23:29:27 IST" name="sum" finished-at="2020-02-11T23:29:27 IST" duration-ms="11" status="PASS">
          <reporter-output>
          </reporter-output>
        </test-method> <!-- sum -->
        <test-method signature="sum()[pri:0, instance:com.test.InvocationCountTest@6b19b79]" started-at="2020-02-11T23:29:27 IST" name="sum" finished-at="2020-02-11T23:29:27 IST" duration-ms="4" status="PASS">
          <reporter-output>
          </reporter-output>
        </test-method> <!-- sum -->
        <test-method signature="sum()[pri:0, instance:com.test.InvocationCountTest@6b19b79]" started-at="2020-02-11T23:29:27 IST" name="sum" finished-at="2020-02-11T23:29:27 IST" duration-ms="3" status="PASS">
          <reporter-output>
          </reporter-output>
        </test-method> <!-- sum -->
        <test-method signature="sum()[pri:0, instance:com.test.InvocationCountTest@6b19b79]" started-at="2020-02-11T23:29:27 IST" name="sum" finished-at="2020-02-11T23:29:27 IST" duration-ms="3" status="PASS">
          <reporter-output>
          </reporter-output>
        </test-method> <!-- sum -->
        <test-method signature="sum()[pri:0, instance:com.test.InvocationCountTest@6b19b79]" started-at="2020-02-11T23:29:27 IST" name="sum" finished-at="2020-02-11T23:29:27 IST" duration-ms="3" status="PASS">
          <reporter-output>
          </reporter-output>
        </test-method> <!-- sum -->
        <test-method signature="sum()[pri:0, instance:com.test.InvocationCountTest@6b19b79]" started-at="2020-02-11T23:29:27 IST" name="sum" finished-at="2020-02-11T23:29:27 IST" duration-ms="4" status="PASS">
          <reporter-output>
          </reporter-output>
        </test-method> <!-- sum -->
        <test-method signature="sum()[pri:0, instance:com.test.InvocationCountTest@6b19b79]" started-at="2020-02-11T23:29:27 IST" name="sum" finished-at="2020-02-11T23:29:27 IST" duration-ms="3" status="PASS">
          <reporter-output>
          </reporter-output>
        </test-method> <!-- sum -->
        <test-method signature="sum()[pri:0, instance:com.test.InvocationCountTest@6b19b79]" started-at="2020-02-11T23:29:27 IST" name="sum" finished-at="2020-02-11T23:29:27 IST" duration-ms="6" status="PASS">
          <reporter-output>
          </reporter-output>
        </test-method> <!-- sum -->
      </class> <!-- com.test.InvocationCountTest -->
    </test> <!-- TestNG features -->
  </suite> <!-- TestNG Automation framework -->
</testng-results>
