<?xml version="1.0" encoding="UTF-8"?>
<!-- Generated by org.testng.reporters.JUnitXMLReporter -->
<testsuite ignored="0" hostname="vineeth" failures="0" tests="20" name="TestNG features" time="42.077" errors="0" timestamp="2020-02-11T23:29:27 IST">
  <testcase classname="com.test.ExceptionTimeoutTest" name="test" time="0.008"/>
  <testcase classname="com.test.GoogleTest" name="googleTitleTest" time="0.018"/>
  <testcase classname="com.test.GoogleTest" name="googlelogo" time="0.13"/>
  <testcase classname="com.test.GoogleTest" name="maillinktest" time="0.067"/>
  <testcase classname="com.test.GoogleTitleTest" name="googleTitleTest" time="0.016"/>
  <testcase classname="com.test.GoogleTitleTest" name="googlelogo" time="0.061"/>
  <testcase classname="com.test.InvocationCountTest" name="sum" time="0.003"/>
  <testcase classname="com.test.InvocationCountTest" name="sum" time="0.003"/>
  <testcase classname="com.test.InvocationCountTest" name="sum" time="0.011"/>
  <testcase classname="com.test.InvocationCountTest" name="sum" time="0.004"/>
  <testcase classname="com.test.InvocationCountTest" name="sum" time="0.003"/>
  <testcase classname="com.test.InvocationCountTest" name="sum" time="0.003"/>
  <testcase classname="com.test.InvocationCountTest" name="sum" time="0.003"/>
  <testcase classname="com.test.InvocationCountTest" name="sum" time="0.004"/>
  <testcase classname="com.test.InvocationCountTest" name="sum" time="0.003"/>
  <testcase classname="com.test.InvocationCountTest" name="sum" time="0.006"/>
  <testcase classname="com.test.TestNGBasics" name="googleTitleTest" time="0.001"/>
  <testcase classname="com.test.TestNGBasics" name="searchTest" time="0.002"/>
  <testcase classname="com.test.TestNGFeatures" name="loginTest" time="0.001"/>
  <testcase classname="com.test.TestNGFeatures" name="HomepageTest" time="0.002"/>
</testsuite> <!-- TestNG features -->
